[2019-12-11 23:26:18.586] [exthost] [info] extension host started
[2019-12-11 23:26:18.613] [exthost] [info] ExtensionService#_doActivateExtension vscode.debug-auto-launch {"startup":true,"extensionId":{"value":"vscode.debug-auto-launch","_lower":"vscode.debug-auto-launch"},"activationEvent":"*"}
[2019-12-11 23:26:18.613] [exthost] [info] ExtensionService#loadCommonJSModule file:///usr/share/code/resources/app/extensions/debug-auto-launch/dist/extension
[2019-12-11 23:26:18.617] [exthost] [info] ExtensionService#_doActivateExtension vscode.emmet {"startup":true,"extensionId":{"value":"vscode.emmet","_lower":"vscode.emmet"},"activationEvent":"*"}
[2019-12-11 23:26:18.617] [exthost] [info] ExtensionService#loadCommonJSModule file:///usr/share/code/resources/app/extensions/emmet/dist/extension
[2019-12-11 23:26:18.637] [exthost] [info] ExtensionService#_doActivateExtension vscode.git {"startup":true,"extensionId":{"value":"vscode.git","_lower":"vscode.git"},"activationEvent":"*"}
[2019-12-11 23:26:18.637] [exthost] [info] ExtensionService#loadCommonJSModule file:///usr/share/code/resources/app/extensions/git/dist/main
[2019-12-11 23:26:18.678] [exthost] [info] ExtensionService#_doActivateExtension vscode.merge-conflict {"startup":true,"extensionId":{"value":"vscode.merge-conflict","_lower":"vscode.merge-conflict"},"activationEvent":"*"}
[2019-12-11 23:26:18.678] [exthost] [info] ExtensionService#loadCommonJSModule file:///usr/share/code/resources/app/extensions/merge-conflict/dist/extension
[2019-12-11 23:26:18.681] [exthost] [info] ExtensionService#_doActivateExtension eamodio.gitlens {"startup":true,"extensionId":{"value":"eamodio.gitlens","_lower":"eamodio.gitlens"},"activationEvent":"*"}
[2019-12-11 23:26:18.681] [exthost] [info] ExtensionService#loadCommonJSModule file:///home/samuel/.vscode/extensions/eamodio.gitlens-10.2.0/dist/extension
[2019-12-11 23:26:18.726] [exthost] [info] ExtensionService#_doActivateExtension formulahendry.auto-close-tag {"startup":true,"extensionId":{"value":"formulahendry.auto-close-tag","_lower":"formulahendry.auto-close-tag"},"activationEvent":"*"}
[2019-12-11 23:26:18.727] [exthost] [info] ExtensionService#loadCommonJSModule file:///home/samuel/.vscode/extensions/formulahendry.auto-close-tag-0.5.6/out/src/extension
[2019-12-11 23:26:18.727] [exthost] [info] ExtensionService#_doActivateExtension formulahendry.auto-rename-tag {"startup":true,"extensionId":{"value":"formulahendry.auto-rename-tag","_lower":"formulahendry.auto-rename-tag"},"activationEvent":"*"}
[2019-12-11 23:26:18.727] [exthost] [info] ExtensionService#loadCommonJSModule file:///home/samuel/.vscode/extensions/formulahendry.auto-rename-tag-0.1.1/out/src/extension
[2019-12-11 23:26:18.729] [exthost] [info] ExtensionService#_doActivateExtension Gruntfuggly.todo-tree {"startup":true,"extensionId":{"value":"Gruntfuggly.todo-tree","_lower":"gruntfuggly.todo-tree"},"activationEvent":"*"}
[2019-12-11 23:26:18.729] [exthost] [info] ExtensionService#loadCommonJSModule file:///home/samuel/.vscode/extensions/gruntfuggly.todo-tree-0.0.162/extension
[2019-12-11 23:26:18.899] [exthost] [info] ExtensionService#_doActivateExtension joelday.docthis {"startup":true,"extensionId":{"value":"joelday.docthis","_lower":"joelday.docthis"},"activationEvent":"*"}
[2019-12-11 23:26:18.899] [exthost] [info] ExtensionService#loadCommonJSModule file:///home/samuel/.vscode/extensions/joelday.docthis-0.7.1/out/src/extension
[2019-12-11 23:26:19.018] [exthost] [info] ExtensionService#_doActivateExtension ms-vsliveshare.vsliveshare {"startup":true,"extensionId":{"value":"ms-vsliveshare.vsliveshare","_lower":"ms-vsliveshare.vsliveshare"},"activationEvent":"*"}
[2019-12-11 23:26:19.018] [exthost] [info] ExtensionService#loadCommonJSModule file:///home/samuel/.vscode/extensions/ms-vsliveshare.vsliveshare-1.0.1375/out/prod/extension-prod
[2019-12-11 23:26:19.208] [exthost] [info] ExtensionService#_doActivateExtension PKief.material-icon-theme {"startup":true,"extensionId":{"value":"PKief.material-icon-theme","_lower":"pkief.material-icon-theme"},"activationEvent":"*"}
[2019-12-11 23:26:19.208] [exthost] [info] ExtensionService#loadCommonJSModule file:///home/samuel/.vscode/extensions/pkief.material-icon-theme-3.9.2/dist/extension
[2019-12-11 23:26:19.217] [exthost] [info] ExtensionService#_doActivateExtension wayou.vscode-todo-highlight {"startup":true,"extensionId":{"value":"wayou.vscode-todo-highlight","_lower":"wayou.vscode-todo-highlight"},"activationEvent":"*"}
[2019-12-11 23:26:19.217] [exthost] [info] ExtensionService#loadCommonJSModule file:///home/samuel/.vscode/extensions/wayou.vscode-todo-highlight-1.0.4/src/extension
[2019-12-11 23:26:19.219] [exthost] [info] eager extensions activated
