[2019-12-11 23:25:44.224] [exthost] [info] extension host started
[2019-12-11 23:25:44.250] [exthost] [info] ExtensionService#_doActivateExtension vscode.debug-auto-launch {"startup":true,"extensionId":{"value":"vscode.debug-auto-launch","_lower":"vscode.debug-auto-launch"},"activationEvent":"*"}
[2019-12-11 23:25:44.250] [exthost] [info] ExtensionService#loadCommonJSModule file:///usr/share/code/resources/app/extensions/debug-auto-launch/dist/extension
[2019-12-11 23:25:44.254] [exthost] [info] ExtensionService#_doActivateExtension vscode.emmet {"startup":true,"extensionId":{"value":"vscode.emmet","_lower":"vscode.emmet"},"activationEvent":"*"}
[2019-12-11 23:25:44.254] [exthost] [info] ExtensionService#loadCommonJSModule file:///usr/share/code/resources/app/extensions/emmet/dist/extension
[2019-12-11 23:25:44.274] [exthost] [info] ExtensionService#_doActivateExtension vscode.git {"startup":true,"extensionId":{"value":"vscode.git","_lower":"vscode.git"},"activationEvent":"*"}
[2019-12-11 23:25:44.274] [exthost] [info] ExtensionService#loadCommonJSModule file:///usr/share/code/resources/app/extensions/git/dist/main
[2019-12-11 23:25:44.310] [exthost] [info] ExtensionService#_doActivateExtension vscode.merge-conflict {"startup":true,"extensionId":{"value":"vscode.merge-conflict","_lower":"vscode.merge-conflict"},"activationEvent":"*"}
[2019-12-11 23:25:44.310] [exthost] [info] ExtensionService#loadCommonJSModule file:///usr/share/code/resources/app/extensions/merge-conflict/dist/extension
[2019-12-11 23:25:44.313] [exthost] [info] ExtensionService#_doActivateExtension eamodio.gitlens {"startup":true,"extensionId":{"value":"eamodio.gitlens","_lower":"eamodio.gitlens"},"activationEvent":"*"}
[2019-12-11 23:25:44.313] [exthost] [info] ExtensionService#loadCommonJSModule file:///home/samuel/.vscode/extensions/eamodio.gitlens-10.2.0/dist/extension
[2019-12-11 23:25:44.369] [exthost] [info] ExtensionService#_doActivateExtension formulahendry.auto-close-tag {"startup":true,"extensionId":{"value":"formulahendry.auto-close-tag","_lower":"formulahendry.auto-close-tag"},"activationEvent":"*"}
[2019-12-11 23:25:44.370] [exthost] [info] ExtensionService#loadCommonJSModule file:///home/samuel/.vscode/extensions/formulahendry.auto-close-tag-0.5.6/out/src/extension
[2019-12-11 23:25:44.371] [exthost] [info] ExtensionService#_doActivateExtension formulahendry.auto-rename-tag {"startup":true,"extensionId":{"value":"formulahendry.auto-rename-tag","_lower":"formulahendry.auto-rename-tag"},"activationEvent":"*"}
[2019-12-11 23:25:44.371] [exthost] [info] ExtensionService#loadCommonJSModule file:///home/samuel/.vscode/extensions/formulahendry.auto-rename-tag-0.1.1/out/src/extension
[2019-12-11 23:25:44.372] [exthost] [info] ExtensionService#_doActivateExtension Gruntfuggly.todo-tree {"startup":true,"extensionId":{"value":"Gruntfuggly.todo-tree","_lower":"gruntfuggly.todo-tree"},"activationEvent":"*"}
[2019-12-11 23:25:44.373] [exthost] [info] ExtensionService#loadCommonJSModule file:///home/samuel/.vscode/extensions/gruntfuggly.todo-tree-0.0.162/extension
[2019-12-11 23:25:44.529] [exthost] [info] ExtensionService#_doActivateExtension joelday.docthis {"startup":true,"extensionId":{"value":"joelday.docthis","_lower":"joelday.docthis"},"activationEvent":"*"}
[2019-12-11 23:25:44.529] [exthost] [info] ExtensionService#loadCommonJSModule file:///home/samuel/.vscode/extensions/joelday.docthis-0.7.1/out/src/extension
[2019-12-11 23:25:44.654] [exthost] [info] ExtensionService#_doActivateExtension ms-vsliveshare.vsliveshare {"startup":true,"extensionId":{"value":"ms-vsliveshare.vsliveshare","_lower":"ms-vsliveshare.vsliveshare"},"activationEvent":"*"}
[2019-12-11 23:25:44.654] [exthost] [info] ExtensionService#loadCommonJSModule file:///home/samuel/.vscode/extensions/ms-vsliveshare.vsliveshare-1.0.1375/out/prod/extension-prod
[2019-12-11 23:25:44.847] [exthost] [info] ExtensionService#_doActivateExtension PKief.material-icon-theme {"startup":true,"extensionId":{"value":"PKief.material-icon-theme","_lower":"pkief.material-icon-theme"},"activationEvent":"*"}
[2019-12-11 23:25:44.847] [exthost] [info] ExtensionService#loadCommonJSModule file:///home/samuel/.vscode/extensions/pkief.material-icon-theme-3.9.2/dist/extension
[2019-12-11 23:25:44.858] [exthost] [info] ExtensionService#_doActivateExtension wayou.vscode-todo-highlight {"startup":true,"extensionId":{"value":"wayou.vscode-todo-highlight","_lower":"wayou.vscode-todo-highlight"},"activationEvent":"*"}
[2019-12-11 23:25:44.858] [exthost] [info] ExtensionService#loadCommonJSModule file:///home/samuel/.vscode/extensions/wayou.vscode-todo-highlight-1.0.4/src/extension
[2019-12-11 23:25:44.859] [exthost] [info] eager extensions activated
[2019-12-11 23:25:45.265] [exthost] [info] ExtensionService#_doActivateExtension vscode.html-language-features {"startup":false,"extensionId":{"value":"vscode.html-language-features","_lower":"vscode.html-language-features"},"activationEvent":"onLanguage:html"}
[2019-12-11 23:25:45.266] [exthost] [info] ExtensionService#loadCommonJSModule file:///usr/share/code/resources/app/extensions/html-language-features/client/dist/htmlMain
